#-----------------------------------------------------------
# Vivado v2016.2 (64-bit)
# SW Build 1577090 on Thu Jun  2 16:32:40 MDT 2016
# IP Build 1577682 on Fri Jun  3 12:00:54 MDT 2016
# Start of session at: Fri Jul 14 16:05:57 2017
# Process ID: 9152
# Current directory: E:/vivado_projects/1552229-cpu31
# Command line: vivado.exe -gui_launcher_event rodinguilauncherevent11796 E:\vivado_projects\1552229-cpu31\1552229-cpu31.xpr
# Log file: E:/vivado_projects/1552229-cpu31/vivado.log
# Journal file: E:/vivado_projects/1552229-cpu31\vivado.jou
#-----------------------------------------------------------
start_gui
open_project E:/vivado_projects/1552229-cpu31/1552229-cpu31.xpr
Scanning sources...
Finished scanning sources
INFO: [IP_Flow 19-234] Refreshing IP repositories
INFO: [IP_Flow 19-1704] No user IP repositories specified
INFO: [IP_Flow 19-2313] Loaded Vivado IP repository 'E:/Vivado/2016.2/data/ip'.
open_project: Time (s): cpu = 00:00:25 ; elapsed = 00:00:21 . Memory (MB): peak = 760.527 ; gain = 136.168
update_compile_order -fileset sources_1
exit
INFO: [Common 17-206] Exiting Vivado at Fri Jul 14 19:51:30 2017...
