#-----------------------------------------------------------
# Vivado v2016.2 (64-bit)
# SW Build 1577090 on Thu Jun  2 16:32:40 MDT 2016
# IP Build 1577682 on Fri Jun  3 12:00:54 MDT 2016
# Start of session at: Sat Jun 03 20:14:38 2017
# Process ID: 4472
# Current directory: E:/vivado_projects/1552229-cpu31
# Command line: vivado.exe -gui_launcher_event rodinguilauncherevent4916 E:\vivado_projects\1552229-cpu31\1552229-cpu31.xpr
# Log file: E:/vivado_projects/1552229-cpu31/vivado.log
# Journal file: E:/vivado_projects/1552229-cpu31\vivado.jou
#-----------------------------------------------------------
start_gui
open_project E:/vivado_projects/1552229-cpu31/1552229-cpu31.xpr
Scanning sources...
Finished scanning sources
INFO: [IP_Flow 19-234] Refreshing IP repositories
INFO: [IP_Flow 19-1704] No user IP repositories specified
INFO: [IP_Flow 19-2313] Loaded Vivado IP repository 'E:/Vivado/2016.2/data/ip'.
open_project: Time (s): cpu = 00:00:26 ; elapsed = 00:00:15 . Memory (MB): peak = 800.891 ; gain = 140.395
update_compile_order -fileset sources_1
reset_run ipcore_synth_1
launch_runs ipcore_synth_1
INFO: [IP_Flow 19-1686] Generating 'Synthesis' target for IP 'ipcore'...
[Sat Jun 03 20:16:44 2017] Launched ipcore_synth_1...
Run output will be captured here: E:/vivado_projects/1552229-cpu31/1552229-cpu31.runs/ipcore_synth_1/runme.log
wait_on_run ipcore_synth_1
[Sat Jun 03 20:16:45 2017] Waiting for ipcore_synth_1 to finish...
[Sat Jun 03 20:16:50 2017] Waiting for ipcore_synth_1 to finish...
[Sat Jun 03 20:16:55 2017] Waiting for ipcore_synth_1 to finish...
[Sat Jun 03 20:17:00 2017] Waiting for ipcore_synth_1 to finish...
[Sat Jun 03 20:17:10 2017] Waiting for ipcore_synth_1 to finish...
[Sat Jun 03 20:17:20 2017] Waiting for ipcore_synth_1 to finish...
[Sat Jun 03 20:17:30 2017] Waiting for ipcore_synth_1 to finish...
[Sat Jun 03 20:17:40 2017] Waiting for ipcore_synth_1 to finish...
[Sat Jun 03 20:18:00 2017] Waiting for ipcore_synth_1 to finish...
[Sat Jun 03 20:18:15 2017] ipcore_synth_1 finished
wait_on_run: Time (s): cpu = 00:00:04 ; elapsed = 00:01:31 . Memory (MB): peak = 871.516 ; gain = 0.000
synth_design -rtl -name rtl_1
Command: synth_design -rtl -name rtl_1
Starting synth_design
Using part: xc7a100tcsg324-1
Top: cpu
---------------------------------------------------------------------------------
Starting RTL Elaboration : Time (s): cpu = 00:01:22 ; elapsed = 00:03:41 . Memory (MB): peak = 871.516 ; gain = 665.191
---------------------------------------------------------------------------------
INFO: [Synth 8-638] synthesizing module 'cpu' [E:/vivado_projects/1552229-cpu31/1552229-cpu31.srcs/sources_1/new/cpu.v:2]
WARNING: [Synth 8-4446] all outputs are unconnected for this instance and logic may be removed [E:/vivado_projects/1552229-cpu31/1552229-cpu31.srcs/sources_1/new/cpu.v:54]
INFO: [Synth 8-638] synthesizing module 'pcreg' [E:/vivado_projects/1552229-cpu31/1552229-cpu31.srcs/sources_1/new/pcreg.v:2]
INFO: [Synth 8-256] done synthesizing module 'pcreg' (1#1) [E:/vivado_projects/1552229-cpu31/1552229-cpu31.srcs/sources_1/new/pcreg.v:2]
WARNING: [Synth 8-4446] all outputs are unconnected for this instance and logic may be removed [E:/vivado_projects/1552229-cpu31/1552229-cpu31.srcs/sources_1/new/cpu.v:62]
INFO: [Synth 8-638] synthesizing module 'ipcore' [E:/vivado_projects/1552229-cpu31/.Xil/Vivado-4472-Aarent/realtime/ipcore_stub.v:6]
INFO: [Synth 8-256] done synthesizing module 'ipcore' (2#1) [E:/vivado_projects/1552229-cpu31/.Xil/Vivado-4472-Aarent/realtime/ipcore_stub.v:6]
INFO: [Synth 8-638] synthesizing module 'cpu_dataflow' [E:/vivado_projects/1552229-cpu31/1552229-cpu31.srcs/sources_1/new/cpu_dataflow.v:2]
INFO: [Synth 8-638] synthesizing module 'mux1' [E:/vivado_projects/1552229-cpu31/1552229-cpu31.srcs/sources_1/new/mux1.v:2]
INFO: [Synth 8-256] done synthesizing module 'mux1' (3#1) [E:/vivado_projects/1552229-cpu31/1552229-cpu31.srcs/sources_1/new/mux1.v:2]
INFO: [Synth 8-256] done synthesizing module 'cpu_dataflow' (4#1) [E:/vivado_projects/1552229-cpu31/1552229-cpu31.srcs/sources_1/new/cpu_dataflow.v:2]
INFO: [Synth 8-638] synthesizing module 'alu' [E:/vivado_projects/1552229-cpu31/1552229-cpu31.srcs/sources_1/new/alu.v:2]
INFO: [Synth 8-226] default block is never used [E:/vivado_projects/1552229-cpu31/1552229-cpu31.srcs/sources_1/new/alu.v:19]
INFO: [Synth 8-256] done synthesizing module 'alu' (5#1) [E:/vivado_projects/1552229-cpu31/1552229-cpu31.srcs/sources_1/new/alu.v:2]
INFO: [Synth 8-638] synthesizing module 'mux_5' [E:/vivado_projects/1552229-cpu31/1552229-cpu31.srcs/sources_1/new/mux_5.v:2]
INFO: [Synth 8-256] done synthesizing module 'mux_5' (6#1) [E:/vivado_projects/1552229-cpu31/1552229-cpu31.srcs/sources_1/new/mux_5.v:2]
INFO: [Synth 8-638] synthesizing module 'ext_16' [E:/vivado_projects/1552229-cpu31/1552229-cpu31.srcs/sources_1/new/ext_16.v:2]
	Parameter WIDTH bound to: 16 - type: integer 
INFO: [Synth 8-256] done synthesizing module 'ext_16' (7#1) [E:/vivado_projects/1552229-cpu31/1552229-cpu31.srcs/sources_1/new/ext_16.v:2]
INFO: [Synth 8-638] synthesizing module 'ext_5' [E:/vivado_projects/1552229-cpu31/1552229-cpu31.srcs/sources_1/new/ext_5.v:2]
	Parameter WIDTH bound to: 5 - type: integer 
INFO: [Synth 8-256] done synthesizing module 'ext_5' (8#1) [E:/vivado_projects/1552229-cpu31/1552229-cpu31.srcs/sources_1/new/ext_5.v:2]
INFO: [Synth 8-638] synthesizing module 'ext_18' [E:/vivado_projects/1552229-cpu31/1552229-cpu31.srcs/sources_1/new/ext_18.v:2]
	Parameter WIDTH bound to: 18 - type: integer 
INFO: [Synth 8-256] done synthesizing module 'ext_18' (9#1) [E:/vivado_projects/1552229-cpu31/1552229-cpu31.srcs/sources_1/new/ext_18.v:2]
INFO: [Synth 8-638] synthesizing module 'ram' [E:/vivado_projects/1552229-cpu31/1552229-cpu31.srcs/sources_1/new/ram.v:2]
INFO: [Synth 8-256] done synthesizing module 'ram' (10#1) [E:/vivado_projects/1552229-cpu31/1552229-cpu31.srcs/sources_1/new/ram.v:2]
INFO: [Synth 8-638] synthesizing module 'regfile' [E:/vivado_projects/1552229-cpu31/1552229-cpu31.srcs/sources_1/new/Regfiles.v:2]
WARNING: [Synth 8-5788] Register register_reg[0] in module regfile is has both Set and reset with same priority. This may cause simulation mismatches. Consider rewriting code  [E:/vivado_projects/1552229-cpu31/1552229-cpu31.srcs/sources_1/new/Regfiles.v:20]
INFO: [Synth 8-256] done synthesizing module 'regfile' (11#1) [E:/vivado_projects/1552229-cpu31/1552229-cpu31.srcs/sources_1/new/Regfiles.v:2]
INFO: [Synth 8-638] synthesizing module 'mux' [E:/vivado_projects/1552229-cpu31/1552229-cpu31.srcs/sources_1/new/mux.v:2]
INFO: [Synth 8-256] done synthesizing module 'mux' (12#1) [E:/vivado_projects/1552229-cpu31/1552229-cpu31.srcs/sources_1/new/mux.v:2]
INFO: [Synth 8-638] synthesizing module 'mux0' [E:/vivado_projects/1552229-cpu31/1552229-cpu31.srcs/sources_1/new/mux0.v:2]
INFO: [Synth 8-256] done synthesizing module 'mux0' (13#1) [E:/vivado_projects/1552229-cpu31/1552229-cpu31.srcs/sources_1/new/mux0.v:2]
INFO: [Synth 8-638] synthesizing module 'pc_add8' [E:/vivado_projects/1552229-cpu31/1552229-cpu31.srcs/sources_1/new/pc_add8.v:2]
INFO: [Synth 8-256] done synthesizing module 'pc_add8' (14#1) [E:/vivado_projects/1552229-cpu31/1552229-cpu31.srcs/sources_1/new/pc_add8.v:2]
INFO: [Synth 8-638] synthesizing module 'pc_add4' [E:/vivado_projects/1552229-cpu31/1552229-cpu31.srcs/sources_1/new/pc_add4.v:2]
INFO: [Synth 8-256] done synthesizing module 'pc_add4' (15#1) [E:/vivado_projects/1552229-cpu31/1552229-cpu31.srcs/sources_1/new/pc_add4.v:2]
INFO: [Synth 8-638] synthesizing module 'pc_ext3' [E:/vivado_projects/1552229-cpu31/1552229-cpu31.srcs/sources_1/new/pc_ext3.v:2]
INFO: [Synth 8-256] done synthesizing module 'pc_ext3' (16#1) [E:/vivado_projects/1552229-cpu31/1552229-cpu31.srcs/sources_1/new/pc_ext3.v:2]
INFO: [Synth 8-638] synthesizing module 'pc_addext' [E:/vivado_projects/1552229-cpu31/1552229-cpu31.srcs/sources_1/new/pc_addext.v:2]
INFO: [Synth 8-256] done synthesizing module 'pc_addext' (17#1) [E:/vivado_projects/1552229-cpu31/1552229-cpu31.srcs/sources_1/new/pc_addext.v:2]
WARNING: [Synth 8-3848] Net rst in module/entity cpu does not have driver. [E:/vivado_projects/1552229-cpu31/1552229-cpu31.srcs/sources_1/new/cpu.v:56]
INFO: [Synth 8-256] done synthesizing module 'cpu' (18#1) [E:/vivado_projects/1552229-cpu31/1552229-cpu31.srcs/sources_1/new/cpu.v:2]
WARNING: [Synth 8-3331] design pc_ext3 has unconnected port data_in1[27]
WARNING: [Synth 8-3331] design pc_ext3 has unconnected port data_in1[26]
WARNING: [Synth 8-3331] design pc_ext3 has unconnected port data_in1[25]
WARNING: [Synth 8-3331] design pc_ext3 has unconnected port data_in1[24]
WARNING: [Synth 8-3331] design pc_ext3 has unconnected port data_in1[23]
WARNING: [Synth 8-3331] design pc_ext3 has unconnected port data_in1[22]
WARNING: [Synth 8-3331] design pc_ext3 has unconnected port data_in1[21]
WARNING: [Synth 8-3331] design pc_ext3 has unconnected port data_in1[20]
WARNING: [Synth 8-3331] design pc_ext3 has unconnected port data_in1[19]
WARNING: [Synth 8-3331] design pc_ext3 has unconnected port data_in1[18]
WARNING: [Synth 8-3331] design pc_ext3 has unconnected port data_in1[17]
WARNING: [Synth 8-3331] design pc_ext3 has unconnected port data_in1[16]
WARNING: [Synth 8-3331] design pc_ext3 has unconnected port data_in1[15]
WARNING: [Synth 8-3331] design pc_ext3 has unconnected port data_in1[14]
WARNING: [Synth 8-3331] design pc_ext3 has unconnected port data_in1[13]
WARNING: [Synth 8-3331] design pc_ext3 has unconnected port data_in1[12]
WARNING: [Synth 8-3331] design pc_ext3 has unconnected port data_in1[11]
WARNING: [Synth 8-3331] design pc_ext3 has unconnected port data_in1[10]
WARNING: [Synth 8-3331] design pc_ext3 has unconnected port data_in1[9]
WARNING: [Synth 8-3331] design pc_ext3 has unconnected port data_in1[8]
WARNING: [Synth 8-3331] design pc_ext3 has unconnected port data_in1[7]
WARNING: [Synth 8-3331] design pc_ext3 has unconnected port data_in1[6]
WARNING: [Synth 8-3331] design pc_ext3 has unconnected port data_in1[5]
WARNING: [Synth 8-3331] design pc_ext3 has unconnected port data_in1[4]
WARNING: [Synth 8-3331] design pc_ext3 has unconnected port data_in1[3]
WARNING: [Synth 8-3331] design pc_ext3 has unconnected port data_in1[2]
WARNING: [Synth 8-3331] design pc_ext3 has unconnected port data_in1[1]
WARNING: [Synth 8-3331] design pc_ext3 has unconnected port data_in1[0]
WARNING: [Synth 8-3331] design pc_ext3 has unconnected port data_in2[31]
WARNING: [Synth 8-3331] design pc_ext3 has unconnected port data_in2[30]
WARNING: [Synth 8-3331] design pc_ext3 has unconnected port data_in2[29]
WARNING: [Synth 8-3331] design pc_ext3 has unconnected port data_in2[28]
WARNING: [Synth 8-3331] design pc_ext3 has unconnected port data_in2[27]
WARNING: [Synth 8-3331] design pc_ext3 has unconnected port data_in2[26]
WARNING: [Synth 8-3331] design cpu_dataflow has unconnected port ins[25]
WARNING: [Synth 8-3331] design cpu_dataflow has unconnected port ins[24]
WARNING: [Synth 8-3331] design cpu_dataflow has unconnected port ins[23]
WARNING: [Synth 8-3331] design cpu_dataflow has unconnected port ins[22]
WARNING: [Synth 8-3331] design cpu_dataflow has unconnected port ins[21]
WARNING: [Synth 8-3331] design cpu_dataflow has unconnected port ins[10]
WARNING: [Synth 8-3331] design cpu_dataflow has unconnected port ins[9]
WARNING: [Synth 8-3331] design cpu_dataflow has unconnected port ins[8]
WARNING: [Synth 8-3331] design cpu_dataflow has unconnected port ins[7]
WARNING: [Synth 8-3331] design cpu_dataflow has unconnected port ins[6]
---------------------------------------------------------------------------------
Finished RTL Elaboration : Time (s): cpu = 00:01:23 ; elapsed = 00:03:42 . Memory (MB): peak = 888.605 ; gain = 682.281
---------------------------------------------------------------------------------

Report Check Netlist: 
+------+------------------+-------+---------+-------+------------------+
|      |Item              |Errors |Warnings |Status |Description       |
+------+------------------+-------+---------+-------+------------------+
|1     |multi_driven_nets |      0|        0|Passed |Multi driven nets |
+------+------------------+-------+---------+-------+------------------+
WARNING: [Synth 8-3295] tying undriven pin hi:rst to constant 0 [E:/vivado_projects/1552229-cpu31/1552229-cpu31.srcs/sources_1/new/cpu.v:54]
WARNING: [Synth 8-3295] tying undriven pin hi:ena to constant 0 [E:/vivado_projects/1552229-cpu31/1552229-cpu31.srcs/sources_1/new/cpu.v:54]
WARNING: [Synth 8-3295] tying undriven pin hi:wdata[31] to constant 0 [E:/vivado_projects/1552229-cpu31/1552229-cpu31.srcs/sources_1/new/cpu.v:54]
WARNING: [Synth 8-3295] tying undriven pin hi:wdata[30] to constant 0 [E:/vivado_projects/1552229-cpu31/1552229-cpu31.srcs/sources_1/new/cpu.v:54]
WARNING: [Synth 8-3295] tying undriven pin hi:wdata[29] to constant 0 [E:/vivado_projects/1552229-cpu31/1552229-cpu31.srcs/sources_1/new/cpu.v:54]
WARNING: [Synth 8-3295] tying undriven pin hi:wdata[28] to constant 0 [E:/vivado_projects/1552229-cpu31/1552229-cpu31.srcs/sources_1/new/cpu.v:54]
WARNING: [Synth 8-3295] tying undriven pin hi:wdata[27] to constant 0 [E:/vivado_projects/1552229-cpu31/1552229-cpu31.srcs/sources_1/new/cpu.v:54]
WARNING: [Synth 8-3295] tying undriven pin hi:wdata[26] to constant 0 [E:/vivado_projects/1552229-cpu31/1552229-cpu31.srcs/sources_1/new/cpu.v:54]
WARNING: [Synth 8-3295] tying undriven pin hi:wdata[25] to constant 0 [E:/vivado_projects/1552229-cpu31/1552229-cpu31.srcs/sources_1/new/cpu.v:54]
WARNING: [Synth 8-3295] tying undriven pin hi:wdata[24] to constant 0 [E:/vivado_projects/1552229-cpu31/1552229-cpu31.srcs/sources_1/new/cpu.v:54]
WARNING: [Synth 8-3295] tying undriven pin hi:wdata[23] to constant 0 [E:/vivado_projects/1552229-cpu31/1552229-cpu31.srcs/sources_1/new/cpu.v:54]
WARNING: [Synth 8-3295] tying undriven pin hi:wdata[22] to constant 0 [E:/vivado_projects/1552229-cpu31/1552229-cpu31.srcs/sources_1/new/cpu.v:54]
WARNING: [Synth 8-3295] tying undriven pin hi:wdata[21] to constant 0 [E:/vivado_projects/1552229-cpu31/1552229-cpu31.srcs/sources_1/new/cpu.v:54]
WARNING: [Synth 8-3295] tying undriven pin hi:wdata[20] to constant 0 [E:/vivado_projects/1552229-cpu31/1552229-cpu31.srcs/sources_1/new/cpu.v:54]
WARNING: [Synth 8-3295] tying undriven pin hi:wdata[19] to constant 0 [E:/vivado_projects/1552229-cpu31/1552229-cpu31.srcs/sources_1/new/cpu.v:54]
WARNING: [Synth 8-3295] tying undriven pin hi:wdata[18] to constant 0 [E:/vivado_projects/1552229-cpu31/1552229-cpu31.srcs/sources_1/new/cpu.v:54]
WARNING: [Synth 8-3295] tying undriven pin hi:wdata[17] to constant 0 [E:/vivado_projects/1552229-cpu31/1552229-cpu31.srcs/sources_1/new/cpu.v:54]
WARNING: [Synth 8-3295] tying undriven pin hi:wdata[16] to constant 0 [E:/vivado_projects/1552229-cpu31/1552229-cpu31.srcs/sources_1/new/cpu.v:54]
WARNING: [Synth 8-3295] tying undriven pin hi:wdata[15] to constant 0 [E:/vivado_projects/1552229-cpu31/1552229-cpu31.srcs/sources_1/new/cpu.v:54]
WARNING: [Synth 8-3295] tying undriven pin hi:wdata[14] to constant 0 [E:/vivado_projects/1552229-cpu31/1552229-cpu31.srcs/sources_1/new/cpu.v:54]
WARNING: [Synth 8-3295] tying undriven pin hi:wdata[13] to constant 0 [E:/vivado_projects/1552229-cpu31/1552229-cpu31.srcs/sources_1/new/cpu.v:54]
WARNING: [Synth 8-3295] tying undriven pin hi:wdata[12] to constant 0 [E:/vivado_projects/1552229-cpu31/1552229-cpu31.srcs/sources_1/new/cpu.v:54]
WARNING: [Synth 8-3295] tying undriven pin hi:wdata[11] to constant 0 [E:/vivado_projects/1552229-cpu31/1552229-cpu31.srcs/sources_1/new/cpu.v:54]
WARNING: [Synth 8-3295] tying undriven pin hi:wdata[10] to constant 0 [E:/vivado_projects/1552229-cpu31/1552229-cpu31.srcs/sources_1/new/cpu.v:54]
WARNING: [Synth 8-3295] tying undriven pin hi:wdata[9] to constant 0 [E:/vivado_projects/1552229-cpu31/1552229-cpu31.srcs/sources_1/new/cpu.v:54]
WARNING: [Synth 8-3295] tying undriven pin hi:wdata[8] to constant 0 [E:/vivado_projects/1552229-cpu31/1552229-cpu31.srcs/sources_1/new/cpu.v:54]
WARNING: [Synth 8-3295] tying undriven pin hi:wdata[7] to constant 0 [E:/vivado_projects/1552229-cpu31/1552229-cpu31.srcs/sources_1/new/cpu.v:54]
WARNING: [Synth 8-3295] tying undriven pin hi:wdata[6] to constant 0 [E:/vivado_projects/1552229-cpu31/1552229-cpu31.srcs/sources_1/new/cpu.v:54]
WARNING: [Synth 8-3295] tying undriven pin hi:wdata[5] to constant 0 [E:/vivado_projects/1552229-cpu31/1552229-cpu31.srcs/sources_1/new/cpu.v:54]
WARNING: [Synth 8-3295] tying undriven pin hi:wdata[4] to constant 0 [E:/vivado_projects/1552229-cpu31/1552229-cpu31.srcs/sources_1/new/cpu.v:54]
WARNING: [Synth 8-3295] tying undriven pin hi:wdata[3] to constant 0 [E:/vivado_projects/1552229-cpu31/1552229-cpu31.srcs/sources_1/new/cpu.v:54]
WARNING: [Synth 8-3295] tying undriven pin hi:wdata[2] to constant 0 [E:/vivado_projects/1552229-cpu31/1552229-cpu31.srcs/sources_1/new/cpu.v:54]
WARNING: [Synth 8-3295] tying undriven pin hi:wdata[1] to constant 0 [E:/vivado_projects/1552229-cpu31/1552229-cpu31.srcs/sources_1/new/cpu.v:54]
WARNING: [Synth 8-3295] tying undriven pin hi:wdata[0] to constant 0 [E:/vivado_projects/1552229-cpu31/1552229-cpu31.srcs/sources_1/new/cpu.v:54]
WARNING: [Synth 8-3295] tying undriven pin lo:rst to constant 0 [E:/vivado_projects/1552229-cpu31/1552229-cpu31.srcs/sources_1/new/cpu.v:62]
WARNING: [Synth 8-3295] tying undriven pin lo:ena to constant 0 [E:/vivado_projects/1552229-cpu31/1552229-cpu31.srcs/sources_1/new/cpu.v:62]
WARNING: [Synth 8-3295] tying undriven pin lo:wdata[31] to constant 0 [E:/vivado_projects/1552229-cpu31/1552229-cpu31.srcs/sources_1/new/cpu.v:62]
WARNING: [Synth 8-3295] tying undriven pin lo:wdata[30] to constant 0 [E:/vivado_projects/1552229-cpu31/1552229-cpu31.srcs/sources_1/new/cpu.v:62]
WARNING: [Synth 8-3295] tying undriven pin lo:wdata[29] to constant 0 [E:/vivado_projects/1552229-cpu31/1552229-cpu31.srcs/sources_1/new/cpu.v:62]
WARNING: [Synth 8-3295] tying undriven pin lo:wdata[28] to constant 0 [E:/vivado_projects/1552229-cpu31/1552229-cpu31.srcs/sources_1/new/cpu.v:62]
WARNING: [Synth 8-3295] tying undriven pin lo:wdata[27] to constant 0 [E:/vivado_projects/1552229-cpu31/1552229-cpu31.srcs/sources_1/new/cpu.v:62]
WARNING: [Synth 8-3295] tying undriven pin lo:wdata[26] to constant 0 [E:/vivado_projects/1552229-cpu31/1552229-cpu31.srcs/sources_1/new/cpu.v:62]
WARNING: [Synth 8-3295] tying undriven pin lo:wdata[25] to constant 0 [E:/vivado_projects/1552229-cpu31/1552229-cpu31.srcs/sources_1/new/cpu.v:62]
WARNING: [Synth 8-3295] tying undriven pin lo:wdata[24] to constant 0 [E:/vivado_projects/1552229-cpu31/1552229-cpu31.srcs/sources_1/new/cpu.v:62]
WARNING: [Synth 8-3295] tying undriven pin lo:wdata[23] to constant 0 [E:/vivado_projects/1552229-cpu31/1552229-cpu31.srcs/sources_1/new/cpu.v:62]
WARNING: [Synth 8-3295] tying undriven pin lo:wdata[22] to constant 0 [E:/vivado_projects/1552229-cpu31/1552229-cpu31.srcs/sources_1/new/cpu.v:62]
WARNING: [Synth 8-3295] tying undriven pin lo:wdata[21] to constant 0 [E:/vivado_projects/1552229-cpu31/1552229-cpu31.srcs/sources_1/new/cpu.v:62]
WARNING: [Synth 8-3295] tying undriven pin lo:wdata[20] to constant 0 [E:/vivado_projects/1552229-cpu31/1552229-cpu31.srcs/sources_1/new/cpu.v:62]
WARNING: [Synth 8-3295] tying undriven pin lo:wdata[19] to constant 0 [E:/vivado_projects/1552229-cpu31/1552229-cpu31.srcs/sources_1/new/cpu.v:62]
WARNING: [Synth 8-3295] tying undriven pin lo:wdata[18] to constant 0 [E:/vivado_projects/1552229-cpu31/1552229-cpu31.srcs/sources_1/new/cpu.v:62]
WARNING: [Synth 8-3295] tying undriven pin lo:wdata[17] to constant 0 [E:/vivado_projects/1552229-cpu31/1552229-cpu31.srcs/sources_1/new/cpu.v:62]
WARNING: [Synth 8-3295] tying undriven pin lo:wdata[16] to constant 0 [E:/vivado_projects/1552229-cpu31/1552229-cpu31.srcs/sources_1/new/cpu.v:62]
WARNING: [Synth 8-3295] tying undriven pin lo:wdata[15] to constant 0 [E:/vivado_projects/1552229-cpu31/1552229-cpu31.srcs/sources_1/new/cpu.v:62]
WARNING: [Synth 8-3295] tying undriven pin lo:wdata[14] to constant 0 [E:/vivado_projects/1552229-cpu31/1552229-cpu31.srcs/sources_1/new/cpu.v:62]
WARNING: [Synth 8-3295] tying undriven pin lo:wdata[13] to constant 0 [E:/vivado_projects/1552229-cpu31/1552229-cpu31.srcs/sources_1/new/cpu.v:62]
WARNING: [Synth 8-3295] tying undriven pin lo:wdata[12] to constant 0 [E:/vivado_projects/1552229-cpu31/1552229-cpu31.srcs/sources_1/new/cpu.v:62]
WARNING: [Synth 8-3295] tying undriven pin lo:wdata[11] to constant 0 [E:/vivado_projects/1552229-cpu31/1552229-cpu31.srcs/sources_1/new/cpu.v:62]
WARNING: [Synth 8-3295] tying undriven pin lo:wdata[10] to constant 0 [E:/vivado_projects/1552229-cpu31/1552229-cpu31.srcs/sources_1/new/cpu.v:62]
WARNING: [Synth 8-3295] tying undriven pin lo:wdata[9] to constant 0 [E:/vivado_projects/1552229-cpu31/1552229-cpu31.srcs/sources_1/new/cpu.v:62]
WARNING: [Synth 8-3295] tying undriven pin lo:wdata[8] to constant 0 [E:/vivado_projects/1552229-cpu31/1552229-cpu31.srcs/sources_1/new/cpu.v:62]
WARNING: [Synth 8-3295] tying undriven pin lo:wdata[7] to constant 0 [E:/vivado_projects/1552229-cpu31/1552229-cpu31.srcs/sources_1/new/cpu.v:62]
WARNING: [Synth 8-3295] tying undriven pin lo:wdata[6] to constant 0 [E:/vivado_projects/1552229-cpu31/1552229-cpu31.srcs/sources_1/new/cpu.v:62]
WARNING: [Synth 8-3295] tying undriven pin lo:wdata[5] to constant 0 [E:/vivado_projects/1552229-cpu31/1552229-cpu31.srcs/sources_1/new/cpu.v:62]
WARNING: [Synth 8-3295] tying undriven pin lo:wdata[4] to constant 0 [E:/vivado_projects/1552229-cpu31/1552229-cpu31.srcs/sources_1/new/cpu.v:62]
WARNING: [Synth 8-3295] tying undriven pin lo:wdata[3] to constant 0 [E:/vivado_projects/1552229-cpu31/1552229-cpu31.srcs/sources_1/new/cpu.v:62]
WARNING: [Synth 8-3295] tying undriven pin lo:wdata[2] to constant 0 [E:/vivado_projects/1552229-cpu31/1552229-cpu31.srcs/sources_1/new/cpu.v:62]
WARNING: [Synth 8-3295] tying undriven pin lo:wdata[1] to constant 0 [E:/vivado_projects/1552229-cpu31/1552229-cpu31.srcs/sources_1/new/cpu.v:62]
WARNING: [Synth 8-3295] tying undriven pin lo:wdata[0] to constant 0 [E:/vivado_projects/1552229-cpu31/1552229-cpu31.srcs/sources_1/new/cpu.v:62]
---------------------------------------------------------------------------------
Finished RTL Optimization Phase 1 : Time (s): cpu = 00:01:24 ; elapsed = 00:03:43 . Memory (MB): peak = 888.605 ; gain = 682.281
---------------------------------------------------------------------------------
INFO: [Project 1-454] Reading design checkpoint 'E:/vivado_projects/1552229-cpu31/1552229-cpu31.srcs/sources_1/ip/ipcore/ipcore.dcp' for cell 'iram'
INFO: [Project 1-479] Netlist was created with Vivado 2016.2
INFO: [Device 21-403] Loading part xc7a100tcsg324-1
INFO: [Project 1-570] Preparing netlist for logic optimization

Processing XDC Constraints
Initializing timing engine
Parsing XDC File [E:/vivado_projects/1552229-cpu31/1552229-cpu31.srcs/constrs_1/new/cpuxdc.xdc]
Finished Parsing XDC File [E:/vivado_projects/1552229-cpu31/1552229-cpu31.srcs/constrs_1/new/cpuxdc.xdc]
Completed Processing XDC Constraints

INFO: [Opt 31-138] Pushed 0 inverter(s) to 0 load pin(s).
INFO: [Project 1-111] Unisim Transformation Summary:
No Unisim elements were transformed.

RTL Elaboration Complete:  : Time (s): cpu = 00:01:44 ; elapsed = 00:03:57 . Memory (MB): peak = 1205.781 ; gain = 999.457
43 Infos, 116 Warnings, 0 Critical Warnings and 0 Errors encountered.
synth_design completed successfully
synth_design: Time (s): cpu = 00:00:26 ; elapsed = 00:00:20 . Memory (MB): peak = 1205.781 ; gain = 334.266
exit
INFO: [Common 17-206] Exiting Vivado at Sat Jun 03 21:39:02 2017...
