INFO: [VRFC 10-2263] Analyzing Verilog file "E:/vivado_projects/1552229-cpu31/1552229-cpu31.sim/sim_1/impl/timing/cpu_test_time_impl.v" into library xil_defaultlib
INFO: [VRFC 10-311] analyzing module RAM32X1S_UNIQ_BASE_
INFO: [VRFC 10-311] analyzing module RAM32X1S_HD32
INFO: [VRFC 10-311] analyzing module RAM32X1S_HD33
INFO: [VRFC 10-311] analyzing module RAM32X1S_HD34
INFO: [VRFC 10-311] analyzing module RAM32X1S_HD35
INFO: [VRFC 10-311] analyzing module RAM32X1S_HD36
INFO: [VRFC 10-311] analyzing module RAM32X1S_HD37
INFO: [VRFC 10-311] analyzing module RAM32X1S_HD38
INFO: [VRFC 10-311] analyzing module RAM32X1S_HD39
INFO: [VRFC 10-311] analyzing module RAM32X1S_HD40
INFO: [VRFC 10-311] analyzing module RAM32X1S_HD41
INFO: [VRFC 10-311] analyzing module RAM32X1S_HD42
INFO: [VRFC 10-311] analyzing module RAM32X1S_HD43
INFO: [VRFC 10-311] analyzing module RAM32X1S_HD44
INFO: [VRFC 10-311] analyzing module RAM32X1S_HD45
INFO: [VRFC 10-311] analyzing module RAM32X1S_HD46
INFO: [VRFC 10-311] analyzing module RAM32X1S_HD47
INFO: [VRFC 10-311] analyzing module RAM32X1S_HD48
INFO: [VRFC 10-311] analyzing module RAM32X1S_HD49
INFO: [VRFC 10-311] analyzing module RAM32X1S_HD50
INFO: [VRFC 10-311] analyzing module RAM32X1S_HD51
INFO: [VRFC 10-311] analyzing module RAM32X1S_HD52
INFO: [VRFC 10-311] analyzing module RAM32X1S_HD53
INFO: [VRFC 10-311] analyzing module RAM32X1S_HD54
INFO: [VRFC 10-311] analyzing module RAM32X1S_HD55
INFO: [VRFC 10-311] analyzing module RAM32X1S_HD56
INFO: [VRFC 10-311] analyzing module RAM32X1S_HD57
INFO: [VRFC 10-311] analyzing module RAM32X1S_HD58
INFO: [VRFC 10-311] analyzing module RAM32X1S_HD59
INFO: [VRFC 10-311] analyzing module RAM32X1S_HD60
INFO: [VRFC 10-311] analyzing module RAM32X1S_HD61
INFO: [VRFC 10-311] analyzing module RAM32X1S_HD62
INFO: [VRFC 10-311] analyzing module ipcore
INFO: [VRFC 10-311] analyzing module alu
INFO: [VRFC 10-311] analyzing module cpu
INFO: [VRFC 10-311] analyzing module pc_add4
INFO: [VRFC 10-311] analyzing module pc_add8
INFO: [VRFC 10-311] analyzing module pc_addext
INFO: [VRFC 10-311] analyzing module pcreg
INFO: [VRFC 10-311] analyzing module ram
INFO: [VRFC 10-311] analyzing module regfile
INFO: [VRFC 10-311] analyzing module ipcore_dist_mem_gen_v8_0_10
INFO: [VRFC 10-311] analyzing module glbl
INFO: [VRFC 10-2263] Analyzing Verilog file "E:/vivado_projects/1552229-cpu31/1552229-cpu31.srcs/sources_1/new/cpu_test.v" into library xil_defaultlib
INFO: [VRFC 10-311] analyzing module cpu_test
